# JRE version: OpenJDK Runtime Environment Temurin-17.0.15+6 (17.0.15+6) (build 17.0.15+6)
# Java VM: OpenJDK 64-Bit Server VM Temurin-17.0.15+6 (17.0.15+6, mixed mode, sharing, tiered, compressed oops, compressed class ptrs, g1 gc, windows-amd64)
GC Precious Log:
 CPUs: 4 total, 4 available
 Memory: 3975M
 Large Page Support: Disabled
 NUMA Support: Disabled
 Compressed Oops: Enabled (32-bit)
 Heap Region Size: 1M
 Heap Min Capacity: 8M
 Heap Initial Capacity: 64M
 Heap Max Capacity: 994M
 Pre-touch: Disabled
 Parallel Workers: 4
 Concurrent Workers: 1
 Concurrent Refinement Workers: 4
 Periodic GC: Disabled
Heap:
 garbage-first heap   total 81920K, used 45725K [0x00000000c1e00000, 0x0000000100000000)
  region size 1024K, 8 young (8192K), 1 survivors (1024K)
 Metaspace       used 70996K, committed 71808K, reserved 1114112K
  class space    used 9256K, committed 9664K, reserved 1048576K
GC Heap History (20 events):
Event: 16.574 GC heap before
{Heap before GC invocations=12 (full 0):
 garbage-first heap   total 81920K, used 64278K [0x00000000c1e00000, 0x0000000100000000)
  region size 1024K, 48 young (49152K), 6 survivors (6144K)
 Metaspace       used 43629K, committed 44160K, reserved 1114112K
  class space    used 5777K, committed 6016K, reserved 1048576K
}
Event: 16.607 GC heap after
{Heap after GC invocations=13 (full 0):
 garbage-first heap   total 81920K, used 25900K [0x00000000c1e00000, 0x0000000100000000)
  region size 1024K, 6 young (6144K), 6 survivors (6144K)
 Metaspace       used 43629K, committed 44160K, reserved 1114112K
  class space    used 5777K, committed 6016K, reserved 1048576K
}
Event: 18.255 GC heap before
{Heap before GC invocations=13 (full 0):
 garbage-first heap   total 81920K, used 61740K [0x00000000c1e00000, 0x0000000100000000)
  region size 1024K, 41 young (41984K), 6 survivors (6144K)
 Metaspace       used 49157K, committed 49664K, reserved 1114112K
  class space    used 6530K, committed 6784K, reserved 1048576K
}
Event: 18.281 GC heap after
{Heap after GC invocations=14 (full 0):
 garbage-first heap   total 81920K, used 29868K [0x00000000c1e00000, 0x0000000100000000)
  region size 1024K, 4 young (4096K), 4 survivors (4096K)
 Metaspace       used 49157K, committed 49664K, reserved 1114112K
  class space    used 6530K, committed 6784K, reserved 1048576K
}
Event: 19.192 GC heap before
{Heap before GC invocations=14 (full 0):
 garbage-first heap   total 81920K, used 62636K [0x00000000c1e00000, 0x0000000100000000)
  region size 1024K, 36 young (36864K), 4 survivors (4096K)
 Metaspace       used 50940K, committed 51520K, reserved 1114112K
  class space    used 6713K, committed 6976K, reserved 1048576K
}
Event: 19.203 GC heap after
{Heap after GC invocations=15 (full 0):
 garbage-first heap   total 81920K, used 31465K [0x00000000c1e00000, 0x0000000100000000)
  region size 1024K, 3 young (3072K), 3 survivors (3072K)
 Metaspace       used 50940K, committed 51520K, reserved 1114112K
  class space    used 6713K, committed 6976K, reserved 1048576K
}
Event: 22.059 GC heap before
{Heap before GC invocations=15 (full 0):
 garbage-first heap   total 81920K, used 63209K [0x00000000c1e00000, 0x0000000100000000)
  region size 1024K, 34 young (34816K), 3 survivors (3072K)
 Metaspace       used 55582K, committed 56128K, reserved 1114112K
  class space    used 7282K, committed 7552K, reserved 1048576K
}
Event: 22.068 GC heap after
{Heap after GC invocations=16 (full 0):
 garbage-first heap   total 81920K, used 32533K [0x00000000c1e00000, 0x0000000100000000)
  region size 1024K, 4 young (4096K), 4 survivors (4096K)
 Metaspace       used 55582K, committed 56128K, reserved 1114112K
  class space    used 7282K, committed 7552K, reserved 1048576K
}
Event: 24.121 GC heap before
{Heap before GC invocations=16 (full 0):
 garbage-first heap   total 81920K, used 64277K [0x00000000c1e00000, 0x0000000100000000)
  region size 1024K, 35 young (35840K), 4 survivors (4096K)
 Metaspace       used 58450K, committed 59008K, reserved 1114112K
  class space    used 7674K, committed 7936K, reserved 1048576K
}
Event: 24.135 GC heap after
{Heap after GC invocations=17 (full 0):
 garbage-first heap   total 81920K, used 34525K [0x00000000c1e00000, 0x0000000100000000)
  region size 1024K, 4 young (4096K), 4 survivors (4096K)
 Metaspace       used 58450K, committed 59008K, reserved 1114112K
  class space    used 7674K, committed 7936K, reserved 1048576K
}
Event: 25.552 GC heap before
{Heap before GC invocations=17 (full 0):
 garbage-first heap   total 81920K, used 62173K [0x00000000c1e00000, 0x0000000100000000)
  region size 1024K, 32 young (32768K), 4 survivors (4096K)
 Metaspace       used 60252K, committed 60800K, reserved 1114112K
  class space    used 7976K, committed 8256K, reserved 1048576K
}
Event: 25.578 GC heap after
{Heap after GC invocations=18 (full 0):
 garbage-first heap   total 81920K, used 36439K [0x00000000c1e00000, 0x0000000100000000)
  region size 1024K, 4 young (4096K), 4 survivors (4096K)
 Metaspace       used 60252K, committed 60800K, reserved 1114112K
  class space    used 7976K, committed 8256K, reserved 1048576K
}
Event: 34.834 GC heap before
{Heap before GC invocations=19 (full 0):
 garbage-first heap   total 81920K, used 65111K [0x00000000c1e00000, 0x0000000100000000)
  region size 1024K, 33 young (33792K), 4 survivors (4096K)
 Metaspace       used 66654K, committed 67328K, reserved 1114112K
  class space    used 8839K, committed 9152K, reserved 1048576K
}
Event: 34.852 GC heap after
{Heap after GC invocations=20 (full 0):
 garbage-first heap   total 81920K, used 37964K [0x00000000c1e00000, 0x0000000100000000)
  region size 1024K, 4 young (4096K), 4 survivors (4096K)
 Metaspace       used 66654K, committed 67328K, reserved 1114112K
  class space    used 8839K, committed 9152K, reserved 1048576K
}
Event: 90.519 GC heap before
{Heap before GC invocations=21 (full 0):
 garbage-first heap   total 81920K, used 65612K [0x00000000c1e00000, 0x0000000100000000)
  region size 1024K, 32 young (32768K), 4 survivors (4096K)
 Metaspace       used 69175K, committed 69952K, reserved 1114112K
  class space    used 9090K, committed 9472K, reserved 1048576K
}
Event: 90.676 GC heap after
{Heap after GC invocations=22 (full 0):
 garbage-first heap   total 81920K, used 39361K [0x00000000c1e00000, 0x0000000100000000)
  region size 1024K, 4 young (4096K), 4 survivors (4096K)
 Metaspace       used 69175K, committed 69952K, reserved 1114112K
  class space    used 9090K, committed 9472K, reserved 1048576K
}
Event: 95.726 GC heap before
{Heap before GC invocations=22 (full 0):
 garbage-first heap   total 81920K, used 40385K [0x00000000c1e00000, 0x0000000100000000)
  region size 1024K, 5 young (5120K), 4 survivors (4096K)
 Metaspace       used 69203K, committed 69952K, reserved 1114112K
  class space    used 9090K, committed 9472K, reserved 1048576K
}
Event: 95.748 GC heap after
{Heap after GC invocations=23 (full 0):
 garbage-first heap   total 81920K, used 39369K [0x00000000c1e00000, 0x0000000100000000)
  region size 1024K, 1 young (1024K), 1 survivors (1024K)
 Metaspace       used 69203K, committed 69952K, reserved 1114112K
  class space    used 9090K, committed 9472K, reserved 1048576K
}
Event: 177.928 GC heap before
{Heap before GC invocations=23 (full 0):
 garbage-first heap   total 81920K, used 67017K [0x00000000c1e00000, 0x0000000100000000)
  region size 1024K, 28 young (28672K), 1 survivors (1024K)
 Metaspace       used 70814K, committed 71552K, reserved 1114112K
  class space    used 9243K, committed 9600K, reserved 1048576K
}
Event: 177.947 GC heap after
{Heap after GC invocations=24 (full 0):
 garbage-first heap   total 81920K, used 39581K [0x00000000c1e00000, 0x0000000100000000)
  region size 1024K, 1 young (1024K), 1 survivors (1024K)
 Metaspace       used 70814K, committed 71552K, reserved 1114112K
  class space    used 9243K, committed 9600K, reserved 1048576K
}

