# JRE version: OpenJDK Runtime Environment Temurin-17.0.15+6 (17.0.15+6) (build 17.0.15+6)
# Java VM: OpenJDK 64-Bit Server VM Temurin-17.0.15+6 (17.0.15+6, mixed mode, sharing, tiered, compressed oops, compressed class ptrs, g1 gc, windows-amd64)
GC Precious Log:
 CPUs: 4 total, 4 available
 Memory: 3975M
 Large Page Support: Disabled
 NUMA Support: Disabled
 Compressed Oops: Enabled (32-bit)
 Heap Region Size: 1M
 Heap Min Capacity: 8M
 Heap Initial Capacity: 64M
 Heap Max Capacity: 994M
 Pre-touch: Disabled
 Parallel Workers: 4
 Concurrent Workers: 1
 Concurrent Refinement Workers: 4
 Periodic GC: Disabled
Heap:
 garbage-first heap   total 78848K, used 59601K [0x00000000c1e00000, 0x0000000100000000)
  region size 1024K, 25 young (25600K), 3 survivors (3072K)
 Metaspace       used 69376K, committed 70080K, reserved 1114112K
  class space    used 9071K, committed 9408K, reserved 1048576K
GC Heap History (20 events):
Event: 19.984 GC heap before
{Heap before GC invocations=11 (full 0):
 garbage-first heap   total 55296K, used 27282K [0x00000000c1e00000, 0x0000000100000000)
  region size 1024K, 10 young (10240K), 3 survivors (3072K)
 Metaspace       used 35689K, committed 36096K, reserved 1114112K
  class space    used 4648K, committed 4864K, reserved 1048576K
}
Event: 20.013 GC heap after
{Heap after GC invocations=12 (full 0):
 garbage-first heap   total 110592K, used 22044K [0x00000000c1e00000, 0x0000000100000000)
  region size 1024K, 1 young (1024K), 1 survivors (1024K)
 Metaspace       used 35689K, committed 36096K, reserved 1114112K
  class space    used 4648K, committed 4864K, reserved 1048576K
}
Event: 22.289 GC heap before
{Heap before GC invocations=13 (full 0):
 garbage-first heap   total 78848K, used 68124K [0x00000000c1e00000, 0x0000000100000000)
  region size 1024K, 46 young (47104K), 1 survivors (1024K)
 Metaspace       used 44408K, committed 44864K, reserved 1114112K
  class space    used 5858K, committed 6080K, reserved 1048576K
}
Event: 22.308 GC heap after
{Heap after GC invocations=14 (full 0):
 garbage-first heap   total 78848K, used 26096K [0x00000000c1e00000, 0x0000000100000000)
  region size 1024K, 5 young (5120K), 5 survivors (5120K)
 Metaspace       used 44408K, committed 44864K, reserved 1114112K
  class space    used 5858K, committed 6080K, reserved 1048576K
}
Event: 24.049 GC heap before
{Heap before GC invocations=14 (full 0):
 garbage-first heap   total 78848K, used 59888K [0x00000000c1e00000, 0x0000000100000000)
  region size 1024K, 38 young (38912K), 5 survivors (5120K)
 Metaspace       used 49242K, committed 49792K, reserved 1114112K
  class space    used 6533K, committed 6784K, reserved 1048576K
}
Event: 24.068 GC heap after
{Heap after GC invocations=15 (full 0):
 garbage-first heap   total 78848K, used 29097K [0x00000000c1e00000, 0x0000000100000000)
  region size 1024K, 3 young (3072K), 3 survivors (3072K)
 Metaspace       used 49242K, committed 49792K, reserved 1114112K
  class space    used 6533K, committed 6784K, reserved 1048576K
}
Event: 25.067 GC heap before
{Heap before GC invocations=15 (full 0):
 garbage-first heap   total 78848K, used 60841K [0x00000000c1e00000, 0x0000000100000000)
  region size 1024K, 34 young (34816K), 3 survivors (3072K)
 Metaspace       used 52222K, committed 52800K, reserved 1114112K
  class space    used 6829K, committed 7104K, reserved 1048576K
}
Event: 25.084 GC heap after
{Heap after GC invocations=16 (full 0):
 garbage-first heap   total 78848K, used 30802K [0x00000000c1e00000, 0x0000000100000000)
  region size 1024K, 2 young (2048K), 2 survivors (2048K)
 Metaspace       used 52222K, committed 52800K, reserved 1114112K
  class space    used 6829K, committed 7104K, reserved 1048576K
}
Event: 27.608 GC heap before
{Heap before GC invocations=16 (full 0):
 garbage-first heap   total 78848K, used 61522K [0x00000000c1e00000, 0x0000000100000000)
  region size 1024K, 32 young (32768K), 2 survivors (2048K)
 Metaspace       used 56293K, committed 56768K, reserved 1114112K
  class space    used 7398K, committed 7616K, reserved 1048576K
}
Event: 27.617 GC heap after
{Heap after GC invocations=17 (full 0):
 garbage-first heap   total 78848K, used 32154K [0x00000000c1e00000, 0x0000000100000000)
  region size 1024K, 4 young (4096K), 4 survivors (4096K)
 Metaspace       used 56293K, committed 56768K, reserved 1114112K
  class space    used 7398K, committed 7616K, reserved 1048576K
}
Event: 28.780 GC heap before
{Heap before GC invocations=17 (full 0):
 garbage-first heap   total 78848K, used 60826K [0x00000000c1e00000, 0x0000000100000000)
  region size 1024K, 33 young (33792K), 4 survivors (4096K)
 Metaspace       used 59601K, committed 60096K, reserved 1114112K
  class space    used 7845K, committed 8064K, reserved 1048576K
}
Event: 28.789 GC heap after
{Heap after GC invocations=18 (full 0):
 garbage-first heap   total 78848K, used 33856K [0x00000000c1e00000, 0x0000000100000000)
  region size 1024K, 4 young (4096K), 4 survivors (4096K)
 Metaspace       used 59601K, committed 60096K, reserved 1114112K
  class space    used 7845K, committed 8064K, reserved 1048576K
}
Event: 28.866 GC heap before
{Heap before GC invocations=18 (full 0):
 garbage-first heap   total 78848K, used 34880K [0x00000000c1e00000, 0x0000000100000000)
  region size 1024K, 6 young (6144K), 4 survivors (4096K)
 Metaspace       used 59740K, committed 60288K, reserved 1114112K
  class space    used 7865K, committed 8128K, reserved 1048576K
}
Event: 28.872 GC heap after
{Heap after GC invocations=19 (full 0):
 garbage-first heap   total 78848K, used 34195K [0x00000000c1e00000, 0x0000000100000000)
  region size 1024K, 3 young (3072K), 3 survivors (3072K)
 Metaspace       used 59740K, committed 60288K, reserved 1114112K
  class space    used 7865K, committed 8128K, reserved 1048576K
}
Event: 29.757 GC heap before
{Heap before GC invocations=20 (full 0):
 garbage-first heap   total 78848K, used 61843K [0x00000000c1e00000, 0x0000000100000000)
  region size 1024K, 31 young (31744K), 3 survivors (3072K)
 Metaspace       used 62387K, committed 62976K, reserved 1114112K
  class space    used 8275K, committed 8576K, reserved 1048576K
}
Event: 29.765 GC heap after
{Heap after GC invocations=21 (full 0):
 garbage-first heap   total 78848K, used 36161K [0x00000000c1e00000, 0x0000000100000000)
  region size 1024K, 4 young (4096K), 4 survivors (4096K)
 Metaspace       used 62387K, committed 62976K, reserved 1114112K
  class space    used 8275K, committed 8576K, reserved 1048576K
}
Event: 513.023 GC heap before
{Heap before GC invocations=21 (full 0):
 garbage-first heap   total 78848K, used 63809K [0x00000000c1e00000, 0x0000000100000000)
  region size 1024K, 31 young (31744K), 4 survivors (4096K)
 Metaspace       used 65746K, committed 66368K, reserved 1114112K
  class space    used 8682K, committed 8960K, reserved 1048576K
}
Event: 513.312 GC heap after
{Heap after GC invocations=22 (full 0):
 garbage-first heap   total 78848K, used 37340K [0x00000000c1e00000, 0x0000000100000000)
  region size 1024K, 2 young (2048K), 2 survivors (2048K)
 Metaspace       used 65746K, committed 66368K, reserved 1114112K
  class space    used 8682K, committed 8960K, reserved 1048576K
}
Event: 829.956 GC heap before
{Heap before GC invocations=22 (full 0):
 garbage-first heap   total 78848K, used 62940K [0x00000000c1e00000, 0x0000000100000000)
  region size 1024K, 28 young (28672K), 2 survivors (2048K)
 Metaspace       used 68967K, committed 69696K, reserved 1114112K
  class space    used 9046K, committed 9408K, reserved 1048576K
}
Event: 830.017 GC heap after
{Heap after GC invocations=23 (full 0):
 garbage-first heap   total 78848K, used 38097K [0x00000000c1e00000, 0x0000000100000000)
  region size 1024K, 3 young (3072K), 3 survivors (3072K)
 Metaspace       used 68967K, committed 69696K, reserved 1114112K
  class space    used 9046K, committed 9408K, reserved 1048576K
}

