# JRE version: OpenJDK Runtime Environment Temurin-17.0.15+6 (17.0.15+6) (build 17.0.15+6)
# Java VM: OpenJDK 64-Bit Server VM Temurin-17.0.15+6 (17.0.15+6, mixed mode, sharing, tiered, compressed oops, compressed class ptrs, g1 gc, windows-amd64)
GC Precious Log:
 CPUs: 4 total, 4 available
 Memory: 3975M
 Large Page Support: Disabled
 NUMA Support: Disabled
 Compressed Oops: Enabled (32-bit)
 Heap Region Size: 1M
 Heap Min Capacity: 8M
 Heap Initial Capacity: 64M
 Heap Max Capacity: 994M
 Pre-touch: Disabled
 Parallel Workers: 4
 Concurrent Workers: 1
 Concurrent Refinement Workers: 4
 Periodic GC: Disabled
Heap:
 garbage-first heap   total 73728K, used 49927K [0x00000000c1e00000, 0x0000000100000000)
  region size 1024K, 15 young (15360K), 3 survivors (3072K)
 Metaspace       used 68783K, committed 69504K, reserved 1114112K
  class space    used 9073K, committed 9408K, reserved 1048576K
GC Heap History (20 events):
Event: 10.078 GC heap before
{Heap before GC invocations=12 (full 0):
 garbage-first heap   total 61440K, used 47541K [0x00000000c1e00000, 0x0000000100000000)
  region size 1024K, 26 young (26624K), 1 survivors (1024K)
 Metaspace       used 40800K, committed 41280K, reserved 1114112K
  class space    used 5381K, committed 5632K, reserved 1048576K
}
Event: 10.087 GC heap after
{Heap after GC invocations=13 (full 0):
 garbage-first heap   total 61440K, used 23601K [0x00000000c1e00000, 0x0000000100000000)
  region size 1024K, 3 young (3072K), 3 survivors (3072K)
 Metaspace       used 40800K, committed 41280K, reserved 1114112K
  class space    used 5381K, committed 5632K, reserved 1048576K
}
Event: 10.755 GC heap before
{Heap before GC invocations=13 (full 0):
 garbage-first heap   total 61440K, used 46129K [0x00000000c1e00000, 0x0000000100000000)
  region size 1024K, 26 young (26624K), 3 survivors (3072K)
 Metaspace       used 46271K, committed 46784K, reserved 1114112K
  class space    used 6147K, committed 6400K, reserved 1048576K
}
Event: 10.771 GC heap after
{Heap after GC invocations=14 (full 0):
 garbage-first heap   total 61440K, used 26624K [0x00000000c1e00000, 0x0000000100000000)
  region size 1024K, 4 young (4096K), 4 survivors (4096K)
 Metaspace       used 46271K, committed 46784K, reserved 1114112K
  class space    used 6147K, committed 6400K, reserved 1048576K
}
Event: 11.487 GC heap before
{Heap before GC invocations=14 (full 0):
 garbage-first heap   total 61440K, used 47104K [0x00000000c1e00000, 0x0000000100000000)
  region size 1024K, 25 young (25600K), 4 survivors (4096K)
 Metaspace       used 49047K, committed 49536K, reserved 1114112K
  class space    used 6532K, committed 6784K, reserved 1048576K
}
Event: 11.501 GC heap after
{Heap after GC invocations=15 (full 0):
 garbage-first heap   total 73728K, used 28798K [0x00000000c1e00000, 0x0000000100000000)
  region size 1024K, 2 young (2048K), 2 survivors (2048K)
 Metaspace       used 49047K, committed 49536K, reserved 1114112K
  class space    used 6532K, committed 6784K, reserved 1048576K
}
Event: 12.187 GC heap before
{Heap before GC invocations=15 (full 0):
 garbage-first heap   total 73728K, used 56446K [0x00000000c1e00000, 0x0000000100000000)
  region size 1024K, 29 young (29696K), 2 survivors (2048K)
 Metaspace       used 50181K, committed 50688K, reserved 1114112K
  class space    used 6650K, committed 6912K, reserved 1048576K
}
Event: 12.197 GC heap after
{Heap after GC invocations=16 (full 0):
 garbage-first heap   total 73728K, used 30357K [0x00000000c1e00000, 0x0000000100000000)
  region size 1024K, 4 young (4096K), 4 survivors (4096K)
 Metaspace       used 50181K, committed 50688K, reserved 1114112K
  class space    used 6650K, committed 6912K, reserved 1048576K
}
Event: 14.616 GC heap before
{Heap before GC invocations=16 (full 0):
 garbage-first heap   total 73728K, used 55957K [0x00000000c1e00000, 0x0000000100000000)
  region size 1024K, 30 young (30720K), 4 survivors (4096K)
 Metaspace       used 54481K, committed 55040K, reserved 1114112K
  class space    used 7142K, committed 7424K, reserved 1048576K
}
Event: 14.629 GC heap after
{Heap after GC invocations=17 (full 0):
 garbage-first heap   total 73728K, used 31730K [0x00000000c1e00000, 0x0000000100000000)
  region size 1024K, 4 young (4096K), 4 survivors (4096K)
 Metaspace       used 54481K, committed 55040K, reserved 1114112K
  class space    used 7142K, committed 7424K, reserved 1048576K
}
Event: 15.379 GC heap before
{Heap before GC invocations=17 (full 0):
 garbage-first heap   total 73728K, used 57330K [0x00000000c1e00000, 0x0000000100000000)
  region size 1024K, 29 young (29696K), 4 survivors (4096K)
 Metaspace       used 56657K, committed 57216K, reserved 1114112K
  class space    used 7453K, committed 7680K, reserved 1048576K
}
Event: 15.399 GC heap after
{Heap after GC invocations=18 (full 0):
 garbage-first heap   total 73728K, used 33265K [0x00000000c1e00000, 0x0000000100000000)
  region size 1024K, 3 young (3072K), 3 survivors (3072K)
 Metaspace       used 56657K, committed 57216K, reserved 1114112K
  class space    used 7453K, committed 7680K, reserved 1048576K
}
Event: 16.428 GC heap before
{Heap before GC invocations=18 (full 0):
 garbage-first heap   total 73728K, used 58865K [0x00000000c1e00000, 0x0000000100000000)
  region size 1024K, 28 young (28672K), 3 survivors (3072K)
 Metaspace       used 58827K, committed 59328K, reserved 1114112K
  class space    used 7756K, committed 8000K, reserved 1048576K
}
Event: 16.437 GC heap after
{Heap after GC invocations=19 (full 0):
 garbage-first heap   total 73728K, used 34901K [0x00000000c1e00000, 0x0000000100000000)
  region size 1024K, 3 young (3072K), 3 survivors (3072K)
 Metaspace       used 58827K, committed 59328K, reserved 1114112K
  class space    used 7756K, committed 8000K, reserved 1048576K
}
Event: 17.120 GC heap before
{Heap before GC invocations=19 (full 0):
 garbage-first heap   total 73728K, used 53333K [0x00000000c1e00000, 0x0000000100000000)
  region size 1024K, 22 young (22528K), 3 survivors (3072K)
 Metaspace       used 59898K, committed 60480K, reserved 1114112K
  class space    used 7926K, committed 8256K, reserved 1048576K
}
Event: 17.138 GC heap after
{Heap after GC invocations=20 (full 0):
 garbage-first heap   total 73728K, used 36286K [0x00000000c1e00000, 0x0000000100000000)
  region size 1024K, 3 young (3072K), 3 survivors (3072K)
 Metaspace       used 59898K, committed 60480K, reserved 1114112K
  class space    used 7926K, committed 8256K, reserved 1048576K
}
Event: 31.235 GC heap before
{Heap before GC invocations=21 (full 0):
 garbage-first heap   total 73728K, used 58814K [0x00000000c1e00000, 0x0000000100000000)
  region size 1024K, 26 young (26624K), 3 survivors (3072K)
 Metaspace       used 65287K, committed 65920K, reserved 1114112K
  class space    used 8687K, committed 9024K, reserved 1048576K
}
Event: 31.271 GC heap after
{Heap after GC invocations=22 (full 0):
 garbage-first heap   total 73728K, used 38170K [0x00000000c1e00000, 0x0000000100000000)
  region size 1024K, 4 young (4096K), 4 survivors (4096K)
 Metaspace       used 65287K, committed 65920K, reserved 1114112K
  class space    used 8687K, committed 9024K, reserved 1048576K
}
Event: 121.276 GC heap before
{Heap before GC invocations=22 (full 0):
 garbage-first heap   total 73728K, used 58650K [0x00000000c1e00000, 0x0000000100000000)
  region size 1024K, 25 young (25600K), 4 survivors (4096K)
 Metaspace       used 68400K, committed 69120K, reserved 1114112K
  class space    used 9058K, committed 9408K, reserved 1048576K
}
Event: 121.342 GC heap after
{Heap after GC invocations=23 (full 0):
 garbage-first heap   total 73728K, used 38663K [0x00000000c1e00000, 0x0000000100000000)
  region size 1024K, 3 young (3072K), 3 survivors (3072K)
 Metaspace       used 68400K, committed 69120K, reserved 1114112K
  class space    used 9058K, committed 9408K, reserved 1048576K
}

